<?xml version="1.0" encoding="UTF-8"?>
<!-- Generated by org.testng.reporters.JUnitReportReporter -->
<testsuite hostname="apples-MacBook-Air.local" failures="0" tests="1" name="base.BaseTest" time="10.051" errors="0" timestamp="2024-11-26T19:02:06 IST" skipped="0">
  <testcase classname="base.BaseTest" name="Testing" time="10.051"/>
  <system-out/>
</testsuite> <!-- base.BaseTest -->
